tutorial-3-cameracontrol/build/intermediates/manifest_merge_blame_file/release/manifest-merger-blame-release-report.txt
1<?xml version="1.0" encoding="utf-8"?>
2<manifest xmlns:android="http://schemas.android.com/apk/res/android"
3    package="org.opencv.samples.tutorial3"
4    android:versionCode="301"
5    android:versionName="3.01" >
6
7    <uses-sdk
8        android:minSdkVersion="29"
8-->tutorial-3-cameracontrol/gradle/AndroidManifest.xml
9        android:targetSdkVersion="32" />
9-->tutorial-3-cameracontrol/gradle/AndroidManifest.xml
10
11    <supports-screens
11-->tutorial-3-cameracontrol/gradle/AndroidManifest.xml:23:5-27:51
12        android:anyDensity="true"
12-->tutorial-3-cameracontrol/gradle/AndroidManifest.xml:27:23-48
13        android:largeScreens="true"
13-->tutorial-3-cameracontrol/gradle/AndroidManifest.xml:26:23-50
14        android:normalScreens="true"
14-->tutorial-3-cameracontrol/gradle/AndroidManifest.xml:25:23-51
15        android:resizeable="true"
15-->tutorial-3-cameracontrol/gradle/AndroidManifest.xml:23:23-48
16        android:smallScreens="true" />
16-->tutorial-3-cameracontrol/gradle/AndroidManifest.xml:24:23-50
17
18    <uses-permission android:name="android.permission.CAMERA" />
18-->tutorial-3-cameracontrol/gradle/AndroidManifest.xml:29:5-64
18-->tutorial-3-cameracontrol/gradle/AndroidManifest.xml:29:22-62
19
20    <uses-feature
20-->tutorial-3-cameracontrol/gradle/AndroidManifest.xml:31:5-84
21        android:name="android.hardware.camera"
21-->tutorial-3-cameracontrol/gradle/AndroidManifest.xml:31:19-57
22        android:required="false" />
22-->tutorial-3-cameracontrol/gradle/AndroidManifest.xml:31:58-82
23    <uses-feature
23-->tutorial-3-cameracontrol/gradle/AndroidManifest.xml:32:5-94
24        android:name="android.hardware.camera.autofocus"
24-->tutorial-3-cameracontrol/gradle/AndroidManifest.xml:32:19-67
25        android:required="false" />
25-->tutorial-3-cameracontrol/gradle/AndroidManifest.xml:32:68-92
26    <uses-feature
26-->tutorial-3-cameracontrol/gradle/AndroidManifest.xml:33:5-90
27        android:name="android.hardware.camera.front"
27-->tutorial-3-cameracontrol/gradle/AndroidManifest.xml:33:19-63
28        android:required="false" />
28-->tutorial-3-cameracontrol/gradle/AndroidManifest.xml:33:64-88
29    <uses-feature
29-->tutorial-3-cameracontrol/gradle/AndroidManifest.xml:34:5-100
30        android:name="android.hardware.camera.front.autofocus"
30-->tutorial-3-cameracontrol/gradle/AndroidManifest.xml:34:19-73
31        android:required="false" />
31-->tutorial-3-cameracontrol/gradle/AndroidManifest.xml:34:74-98
32
33    <uses-permission android:name="android.permission.WRITE_EXTERNAL_STORAGE" />
33-->tutorial-3-cameracontrol/gradle/AndroidManifest.xml:35:5-81
33-->tutorial-3-cameracontrol/gradle/AndroidManifest.xml:35:22-78
34
35    <application
35-->tutorial-3-cameracontrol/gradle/AndroidManifest.xml:6:5-21:19
36        android:extractNativeLibs="false"
37        android:icon="@drawable/icon"
37-->tutorial-3-cameracontrol/gradle/AndroidManifest.xml:8:9-38
38        android:label="@string/app_name" >
38-->tutorial-3-cameracontrol/gradle/AndroidManifest.xml:7:9-41
39        <activity
39-->tutorial-3-cameracontrol/gradle/AndroidManifest.xml:10:9-20:20
40            android:name="org.opencv.samples.tutorial3.Tutorial3Activity"
40-->tutorial-3-cameracontrol/gradle/AndroidManifest.xml:12:19-51
41            android:configChanges="keyboardHidden|orientation"
41-->tutorial-3-cameracontrol/gradle/AndroidManifest.xml:15:19-69
42            android:exported="true"
42-->tutorial-3-cameracontrol/gradle/AndroidManifest.xml:11:19-42
43            android:label="@string/app_name"
43-->tutorial-3-cameracontrol/gradle/AndroidManifest.xml:13:19-51
44            android:screenOrientation="landscape" >
44-->tutorial-3-cameracontrol/gradle/AndroidManifest.xml:14:19-56
45            <intent-filter>
45-->tutorial-3-cameracontrol/gradle/AndroidManifest.xml:16:13-19:29
46                <action android:name="android.intent.action.MAIN" />
46-->tutorial-3-cameracontrol/gradle/AndroidManifest.xml:17:17-69
46-->tutorial-3-cameracontrol/gradle/AndroidManifest.xml:17:25-66
47
48                <category android:name="android.intent.category.LAUNCHER" />
48-->tutorial-3-cameracontrol/gradle/AndroidManifest.xml:18:17-77
48-->tutorial-3-cameracontrol/gradle/AndroidManifest.xml:18:27-74
49            </intent-filter>
50        </activity>
51    </application>
52
53</manifest>